e:\_school\repos\gam200\reality\vendor\glfw\bin\debug-windows-x86_64\glfw\glfw.pdb
e:\_school\repos\gam200\reality\vendor\glfw\bin\debug-windows-x86_64\glfw\glfw.idb
e:\_school\repos\gam200\reality\vendor\glfw\bin-int\debug-windows-x86_64\glfw\context.sbr
e:\_school\repos\gam200\reality\vendor\glfw\bin-int\debug-windows-x86_64\glfw\egl_context.sbr
e:\_school\repos\gam200\reality\vendor\glfw\bin-int\debug-windows-x86_64\glfw\init.sbr
e:\_school\repos\gam200\reality\vendor\glfw\bin-int\debug-windows-x86_64\glfw\input.sbr
e:\_school\repos\gam200\reality\vendor\glfw\bin-int\debug-windows-x86_64\glfw\monitor.sbr
e:\_school\repos\gam200\reality\vendor\glfw\bin-int\debug-windows-x86_64\glfw\null_init.sbr
e:\_school\repos\gam200\reality\vendor\glfw\bin-int\debug-windows-x86_64\glfw\null_joystick.sbr
e:\_school\repos\gam200\reality\vendor\glfw\bin-int\debug-windows-x86_64\glfw\null_monitor.sbr
e:\_school\repos\gam200\reality\vendor\glfw\bin-int\debug-windows-x86_64\glfw\null_window.sbr
e:\_school\repos\gam200\reality\vendor\glfw\bin-int\debug-windows-x86_64\glfw\osmesa_context.sbr
e:\_school\repos\gam200\reality\vendor\glfw\bin-int\debug-windows-x86_64\glfw\platform.sbr
e:\_school\repos\gam200\reality\vendor\glfw\bin-int\debug-windows-x86_64\glfw\vulkan.sbr
e:\_school\repos\gam200\reality\vendor\glfw\bin-int\debug-windows-x86_64\glfw\wgl_context.sbr
e:\_school\repos\gam200\reality\vendor\glfw\bin-int\debug-windows-x86_64\glfw\win32_init.sbr
e:\_school\repos\gam200\reality\vendor\glfw\bin-int\debug-windows-x86_64\glfw\win32_joystick.sbr
e:\_school\repos\gam200\reality\vendor\glfw\bin-int\debug-windows-x86_64\glfw\win32_module.sbr
e:\_school\repos\gam200\reality\vendor\glfw\bin-int\debug-windows-x86_64\glfw\win32_monitor.sbr
e:\_school\repos\gam200\reality\vendor\glfw\bin-int\debug-windows-x86_64\glfw\win32_thread.sbr
e:\_school\repos\gam200\reality\vendor\glfw\bin-int\debug-windows-x86_64\glfw\win32_time.sbr
e:\_school\repos\gam200\reality\vendor\glfw\bin-int\debug-windows-x86_64\glfw\win32_window.sbr
e:\_school\repos\gam200\reality\vendor\glfw\bin-int\debug-windows-x86_64\glfw\win32_window.obj
e:\_school\repos\gam200\reality\vendor\glfw\bin-int\debug-windows-x86_64\glfw\win32_time.obj
e:\_school\repos\gam200\reality\vendor\glfw\bin-int\debug-windows-x86_64\glfw\win32_thread.obj
e:\_school\repos\gam200\reality\vendor\glfw\bin-int\debug-windows-x86_64\glfw\win32_monitor.obj
e:\_school\repos\gam200\reality\vendor\glfw\bin-int\debug-windows-x86_64\glfw\win32_module.obj
e:\_school\repos\gam200\reality\vendor\glfw\bin-int\debug-windows-x86_64\glfw\win32_joystick.obj
e:\_school\repos\gam200\reality\vendor\glfw\bin-int\debug-windows-x86_64\glfw\win32_init.obj
e:\_school\repos\gam200\reality\vendor\glfw\bin-int\debug-windows-x86_64\glfw\wgl_context.obj
e:\_school\repos\gam200\reality\vendor\glfw\bin-int\debug-windows-x86_64\glfw\vulkan.obj
e:\_school\repos\gam200\reality\vendor\glfw\bin-int\debug-windows-x86_64\glfw\platform.obj
e:\_school\repos\gam200\reality\vendor\glfw\bin-int\debug-windows-x86_64\glfw\osmesa_context.obj
e:\_school\repos\gam200\reality\vendor\glfw\bin-int\debug-windows-x86_64\glfw\null_window.obj
e:\_school\repos\gam200\reality\vendor\glfw\bin-int\debug-windows-x86_64\glfw\null_monitor.obj
e:\_school\repos\gam200\reality\vendor\glfw\bin-int\debug-windows-x86_64\glfw\null_joystick.obj
e:\_school\repos\gam200\reality\vendor\glfw\bin-int\debug-windows-x86_64\glfw\null_init.obj
e:\_school\repos\gam200\reality\vendor\glfw\bin-int\debug-windows-x86_64\glfw\monitor.obj
e:\_school\repos\gam200\reality\vendor\glfw\bin-int\debug-windows-x86_64\glfw\input.obj
e:\_school\repos\gam200\reality\vendor\glfw\bin-int\debug-windows-x86_64\glfw\init.obj
e:\_school\repos\gam200\reality\vendor\glfw\bin-int\debug-windows-x86_64\glfw\egl_context.obj
e:\_school\repos\gam200\reality\vendor\glfw\bin-int\debug-windows-x86_64\glfw\context.obj
e:\_school\repos\gam200\reality\vendor\glfw\bin-int\debug-windows-x86_64\glfw\window.sbr
e:\_school\repos\gam200\reality\vendor\glfw\bin-int\debug-windows-x86_64\glfw\window.obj
e:\_school\repos\gam200\reality\vendor\glfw\bin\debug-windows-x86_64\glfw\glfw.lib
e:\_school\repos\gam200\reality\vendor\glfw\bin-int\debug-windows-x86_64\glfw\glfw.tlog\bscmake.command.1.tlog
e:\_school\repos\gam200\reality\vendor\glfw\bin-int\debug-windows-x86_64\glfw\glfw.tlog\bscmake.read.1.tlog
e:\_school\repos\gam200\reality\vendor\glfw\bin-int\debug-windows-x86_64\glfw\glfw.tlog\cl.command.1.tlog
e:\_school\repos\gam200\reality\vendor\glfw\bin-int\debug-windows-x86_64\glfw\glfw.tlog\cl.read.1.tlog
e:\_school\repos\gam200\reality\vendor\glfw\bin-int\debug-windows-x86_64\glfw\glfw.tlog\cl.write.1.tlog
e:\_school\repos\gam200\reality\vendor\glfw\bin-int\debug-windows-x86_64\glfw\glfw.tlog\lib-link.read.1.tlog
e:\_school\repos\gam200\reality\vendor\glfw\bin-int\debug-windows-x86_64\glfw\glfw.tlog\lib-link.write.1.tlog
e:\_school\repos\gam200\reality\vendor\glfw\bin-int\debug-windows-x86_64\glfw\glfw.tlog\lib.command.1.tlog
